<?xml version="1.0" encoding="UTF-8"?>
<!-- Generated by org.testng.reporters.JUnitXMLReporter -->
<testsuite ignored="2" hostname="DAIVIKSUBIN" failures="0" tests="2" name="Test" time="13.041" errors="0" timestamp="2026-08-28T11:29:19 IST">
  <testcase classname="scriptsOfMainProject.LoginTest" name="verifyLoginWithValidCredentials" time="3.094"/>
  <testcase classname="scriptsOfMainProject.LoginTest" name="verifyLoginWithInValidUsernameAndvalidPassword" time="1.011"/>
  <testcase classname="scriptsOfMainProject.LoginTest" name="verifyLoginWithValidUsernameAndInvalidPassword" time="0.0">
    <ignored/>
  </testcase> <!-- verifyLoginWithValidUsernameAndInvalidPassword -->
  <testcase classname="scriptsOfMainProject.LoginTest" name="verifyLoginWithInValidCredentials" time="0.0">
    <ignored/>
  </testcase> <!-- verifyLoginWithInValidCredentials -->
</testsuite> <!-- Test -->
