<?xml version="1.0" encoding="UTF-8"?>
<!-- Generated by org.testng.reporters.JUnitReportReporter -->
<testsuite hostname="DAIVIKSUBIN" failures="0" tests="2" name="scriptsOfMainProject.LoginTest" time="27.863" errors="0" timestamp="2026-09-04T11:27:27 IST" skipped="0">
  <testcase classname="scriptsOfMainProject.LoginTest" name="verifyLoginWithValidUsernameAndInvalidPassword" time="21.985"/>
  <testcase classname="scriptsOfMainProject.LoginTest" name="verifyLoginWithValidUsernameAndInvalidPassword" time="5.878"/>
</testsuite> <!-- scriptsOfMainProject.LoginTest -->
