<?xml version="1.0" encoding="UTF-8"?>
<!-- Generated by org.testng.reporters.JUnitXMLReporter -->
<testsuite ignored="3" hostname="DAIVIKSUBIN" failures="0" tests="1" name="FirefoxTest" time="51.982" errors="0" timestamp="2026-09-02T11:10:39 IST">
  <testcase classname="scriptsOfMainProject.LoginTest" name="verifyLoginWithValidCredentials" time="2.212"/>
  <testcase classname="scriptsOfMainProject.LoginTest" name="verifyLoginWithInValidCredentials" time="0.0">
    <ignored/>
  </testcase> <!-- verifyLoginWithInValidCredentials -->
  <testcase classname="scriptsOfMainProject.LoginTest" name="verifyLoginWithValidUsernameAndInvalidPassword" time="0.0">
    <ignored/>
  </testcase> <!-- verifyLoginWithValidUsernameAndInvalidPassword -->
  <testcase classname="scriptsOfMainProject.LoginTest" name="verifyLoginWithInValidUsernameAndvalidPassword" time="0.0">
    <ignored/>
  </testcase> <!-- verifyLoginWithInValidUsernameAndvalidPassword -->
</testsuite> <!-- FirefoxTest -->
