<?xml version="1.0" encoding="UTF-8"?>
<!-- Generated by org.testng.reporters.JUnitXMLReporter -->
<testsuite ignored="1" hostname="DAIVIKSUBIN" failures="0" tests="1" name="Test" time="31.548" errors="0" timestamp="2026-09-10T16:29:19 IST">
  <testcase classname="scriptsOfMainProject.AdminUsersTest" name="verifyWhetherTheUserIsAbleToAddNewAdminUsers" time="5.165"/>
  <testcase classname="scriptsOfMainProject.AdminUsersTest" name="verifyTheUserIsAbleToSearchTheNewlyAddedUser" time="0.0">
    <ignored/>
  </testcase> <!-- verifyTheUserIsAbleToSearchTheNewlyAddedUser -->
</testsuite> <!-- Test -->
