<?xml version="1.0" encoding="UTF-8"?>
<testng-results ignored="0" total="1" passed="1" failed="0" skipped="0">
  <reporter-output>
  </reporter-output>
  <suite started-at="2026-09-10T16:28:47 IST" name="Suite" finished-at="2026-09-10T16:29:18 IST" duration-ms="31548">
    <groups>
    </groups>
    <test started-at="2026-09-10T16:28:47 IST" name="Test" finished-at="2026-09-10T16:29:18 IST" duration-ms="31548">
      <class name="scriptsOfMainProject.AdminUsersTest">
        <test-method is-config="true" signature="initializeBrowser(java.lang.String)[pri:0, instance:scriptsOfMainProject.AdminUsersTest@14bdbc74]" started-at="2026-09-10T16:28:47 IST" name="initializeBrowser" finished-at="2026-09-10T16:29:13 IST" duration-ms="26323" status="PASS">
          <params>
            <param index="0">
              <value>
                <![CDATA[Chrome]]>
              </value>
            </param>
          </params>
          <reporter-output>
          </reporter-output>
        </test-method> <!-- initializeBrowser -->
        <test-method signature="verifyWhetherTheUserIsAbleToAddNewAdminUsers()[pri:0, instance:scriptsOfMainProject.AdminUsersTest@14bdbc74]" started-at="2026-09-10T16:29:13 IST" name="verifyWhetherTheUserIsAbleToAddNewAdminUsers" description="verify Whether The User Is Able To Add New AdminUsers" finished-at="2026-09-10T16:29:18 IST" duration-ms="5165" status="PASS">
          <reporter-output>
          </reporter-output>
        </test-method> <!-- verifyWhetherTheUserIsAbleToAddNewAdminUsers -->
        <test-method is-config="true" signature="closeBrowser(org.testng.ITestResult)[pri:0, instance:scriptsOfMainProject.AdminUsersTest@14bdbc74]" started-at="2026-09-10T16:29:18 IST" name="closeBrowser" finished-at="2026-09-10T16:29:18 IST" duration-ms="4" status="PASS">
          <params>
            <param index="0">
              <value>
                <![CDATA[[TestResult name=verifyWhetherTheUserIsAbleToAddNewAdminUsers status=SUCCESS method=AdminUsersTest.verifyWhetherTheUserIsAbleToAddNewAdminUsers()[pri:0, instance:scriptsOfMainProject.AdminUsersTest@14bdbc74] output={null}]]]>
              </value>
            </param>
          </params>
          <reporter-output>
          </reporter-output>
        </test-method> <!-- closeBrowser -->
      </class> <!-- scriptsOfMainProject.AdminUsersTest -->
    </test> <!-- Test -->
  </suite> <!-- Suite -->
</testng-results>
