<?xml version="1.0" encoding="UTF-8"?>
<testng-results ignored="0" total="1" passed="1" failed="0" skipped="0">
  <reporter-output>
  </reporter-output>
  <suite started-at="2026-09-07T14:56:47 IST" name="Suite" finished-at="2026-09-07T14:57:07 IST" duration-ms="19678">
    <groups>
    </groups>
    <test started-at="2026-09-07T14:56:47 IST" name="Test" finished-at="2026-09-07T14:57:07 IST" duration-ms="19678">
      <class name="scriptsOfMainProject.HomeTest">
        <test-method is-config="true" signature="initializeBrowser(java.lang.String)[pri:0, instance:scriptsOfMainProject.HomeTest@d2de489]" started-at="2026-09-07T14:56:47 IST" name="initializeBrowser" finished-at="2026-09-07T14:57:02 IST" duration-ms="15206" status="PASS">
          <params>
            <param index="0">
              <value>
                <![CDATA[Chrome]]>
              </value>
            </param>
          </params>
          <reporter-output>
          </reporter-output>
        </test-method> <!-- initializeBrowser -->
        <test-method signature="verifyWhetherTheUserIsAbleToLogOutSuccessfully()[pri:0, instance:scriptsOfMainProject.HomeTest@d2de489]" started-at="2026-09-07T14:57:02 IST" name="verifyWhetherTheUserIsAbleToLogOutSuccessfully" description="verify Whether The User Is Able To LogOut Successfully" finished-at="2026-09-07T14:57:07 IST" duration-ms="4370" status="PASS">
          <reporter-output>
          </reporter-output>
        </test-method> <!-- verifyWhetherTheUserIsAbleToLogOutSuccessfully -->
        <test-method is-config="true" signature="closeBrowser(org.testng.ITestResult)[pri:0, instance:scriptsOfMainProject.HomeTest@d2de489]" started-at="2026-09-07T14:57:07 IST" name="closeBrowser" finished-at="2026-09-07T14:57:07 IST" duration-ms="3" status="PASS">
          <params>
            <param index="0">
              <value>
                <![CDATA[[TestResult name=verifyWhetherTheUserIsAbleToLogOutSuccessfully status=SUCCESS method=HomeTest.verifyWhetherTheUserIsAbleToLogOutSuccessfully()[pri:0, instance:scriptsOfMainProject.HomeTest@d2de489] output={null}]]]>
              </value>
            </param>
          </params>
          <reporter-output>
          </reporter-output>
        </test-method> <!-- closeBrowser -->
      </class> <!-- scriptsOfMainProject.HomeTest -->
    </test> <!-- Test -->
  </suite> <!-- Suite -->
</testng-results>
