<?xml version="1.0" encoding="UTF-8"?>
<!-- Generated by org.testng.reporters.JUnitXMLReporter -->
<testsuite ignored="1" hostname="DAIVIKSUBIN" failures="0" tests="1" name="Test" time="6.422" errors="0" timestamp="2026-09-10T23:08:05 IST">
  <testcase classname="scriptsOfMainProject.AdminUsersTest" name="verifyWhetherTheUserIsAbleToAddNewAdminUsers" time="3.593"/>
  <testcase classname="scriptsOfMainProject.AdminUsersTest" name="verifyTheUserIsAbleToSearchTheNewlyAddedUser" time="0.0">
    <ignored/>
  </testcase> <!-- verifyTheUserIsAbleToSearchTheNewlyAddedUser -->
</testsuite> <!-- Test -->
